xrun(64): 20.09-s012: (c) Copyright 1995-2021 Cadence Design Systems, Inc.
TOOL:	xrun(64)	20.09-s012: Started on Dec 04, 2025 at 15:08:22 IST
xrun
	-64bit
	-access +rwc
	-licqueue
	-uvm
	-work INCA_libs
	-R
	-gui
xrun: *W,WOUNSY: The +work option is translated only during compilation(parsing) and elaboration. It is used by the tool to determine the Logical Working Directory. It is not necessary for simulation.  It will be passed to the simulator as a user plus-option.

-------------------------------------
Relinquished control to SimVision...
xcelium> 
xcelium> source /home/installs/XCELIUM2009/tools/xcelium/files/xmsimrc
xcelium> source /home/installs/XCELIUM2009/tools/methodology/UVM/CDNS-1.1d/additions/sv/files/tcl/uvm_sim.tcl
xcelium> run
time	clk	rst	x	y	
Simulation interrupted at 0 FS + 1
xcelium> stop -create -object seq_tb.uut.clk -name seq_tb.uut.clk
Created stop seq_tb.uut.clk
xcelium> scope -set seq_tb.uut
xcelium> database -open waves -into waves.shm -default
Created default SHM database waves
xcelium> probe -create -shm seq_tb.uut.clk seq_tb.uut.in seq_tb.uut.out seq_tb.uut.rst
Created probe 1
xcelium> run
0	0	1	1	x	
3 NS + 1 (stop seq_tb.uut.clk: seq_tb.uut.clk = 1)
xcelium> stop -create -object seq_tb.uut.clk -name seq_tb.uut.clk
xmsim: *E,STCRDP: Stop name seq_tb.uut.clk already in use.
xcelium> reset
Loaded snapshot INCA_libs.seq_tb:v
xcelium> run
time	clk	rst	x	y	
0 FS + 1 (stop seq_tb.uut.clk: seq_tb.uut.clk = 0)
xcelium> reset
Loaded snapshot INCA_libs.seq_tb:v
xcelium> run
time	clk	rst	x	y	
0 FS + 1 (stop seq_tb.uut.clk: seq_tb.uut.clk = 0)
xcelium> run 10
0	0	1	1	x	
3 NS + 1 (stop seq_tb.uut.clk: seq_tb.uut.clk = 1)
xcelium> run 10
3	1	1	1	x	
6 NS + 1 (stop seq_tb.uut.clk: seq_tb.uut.clk = 0)
xcelium> run 10
6	0	1	1	x	
9 NS + 1 (stop seq_tb.uut.clk: seq_tb.uut.clk = 1)
xcelium> run -next
9	1	1	1	x	
Stepped to 10 NS + 0
xcelium> run -adjacent
xmsim: *N,ADJNEP: Not in Verilog process; continuing as 'run -next'.
Stepped to 10 NS + 1
xcelium> ^C
xcelium> 